2022-02-08 15:39:35.892 - Create display
> Start Eclipse IDE UI [org.eclipse.ui.ide 3.18.400.v20211026-0701]
2022-02-08 15:39:35.995 - DBeaver 21.3.3.202201221033 is starting
2022-02-08 15:39:35.997 - OS: Windows 10 10.0 (amd64)
2022-02-08 15:39:35.997 - Java version: 11.0.12 by Eclipse Foundation (64bit)
2022-02-08 15:39:35.998 - Install path: 'D:\DBMS_kmw'
2022-02-08 15:39:35.998 - Instance path: 'file:/D:/DBMS_kmw/sql 스크립트/oracle/'
2022-02-08 15:39:35.998 - Memory available 64Mb/1024Mb
> Start DBeaver UI Editors - Base [org.jkiss.dbeaver.ui.editors.base 1.0.74.202201221033]
2022-02-08 15:39:36.019 - Starting RMI server at 45484
2022-02-08 15:39:36.076 - Run workbench
> Start Eclipse e4 작업영역 SWT [org.eclipse.e4.ui.workbench.swt 0.16.300.v20211102-0939]
> Start Eclipse 응용 프로그램 서비스 [org.eclipse.e4.core.services 2.3.100.v20210910-0640]
> Start Eclipse 사용자 인터페이스 응용 프로그램 서비스 [org.eclipse.e4.ui.services 1.5.0.v20210115-1333]
> Start EMF XML/XMI 퍼시스턴스 [org.eclipse.emf.ecore.xmi 2.16.0.v20190528-0725]
> Start Eclipse CSS SWT 테마 지원 [org.eclipse.e4.ui.css.swt.theme 0.13.0.v20201026-1147]
> Start Eclipse e4 작업영역 기능 추가 [org.eclipse.e4.ui.workbench.addons.swt 1.4.400.v20211102-0453]
Warning: NLS unused message: 이유 in: org.eclipse.ui.internal.messages
> Start Eclipse e4 작업영역 SWT 렌더러 [org.eclipse.e4.ui.workbench.renderers.swt 0.15.300.v20211102-1716]
> Start Eclipse 바인딩 지원 [org.eclipse.e4.ui.bindings 0.13.100.v20210722-1426]
> Start Eclipse 의존성 삽입 확장 [org.eclipse.e4.core.di.extensions 0.17.100.v20210910-0640]
> Start Eclipse CSS SWT 지원 [org.eclipse.e4.ui.css.swt 0.14.400.v20211026-1534]
> Start Java Native Access [com.sun.jna 5.8.0.v20210503-0343]
> Start DBeaver UI [org.jkiss.dbeaver.ui 5.1.89.202201221033]
2022-02-08 15:39:38.116 - Configure workbench window
> Start 도움말 시스템 코어 [org.eclipse.help 3.9.100.v20210721-0601]
2022-02-08 15:39:38.212 - Create actions
2022-02-08 15:39:38.218 - Disable Eclipse action set 'org.eclipse.ui.edit.text.actionSet.annotationNavigation'
2022-02-08 15:39:38.219 - Disable Eclipse action set 'org.eclipse.ui.WorkingSetActionSet'
2022-02-08 15:39:38.219 - Disable Eclipse action set 'org.eclipse.ui.actionSet.openFiles'
2022-02-08 15:39:38.783 - Initialize workbench window
2022-02-08 15:39:38.788 - Finish initialization
> Start DBeaver UI Editors - Data [org.jkiss.dbeaver.ui.editors.data 1.0.74.202201221033]
> Start Equinox Java 인증 및 권한 부여 서비스 (JAAS) [org.eclipse.equinox.security 1.3.800.v20211021-1418]
> Start 인터넷 연결 관리 사용자 인터페이스 [org.eclipse.ui.net 1.4.0.v20210426-0838]
> Start 인터넷 연결 관리 [org.eclipse.core.net 1.3.1100.v20210424-0724]
> Start DBeaver SQL Model [org.jkiss.dbeaver.model.sql 1.0.64.202201221033]
2022-02-08 15:39:39.896 - Loading user drivers configuration from 'D:\DBMS_kmw\sql 스크립트\oracle\.metadata\.plugins\org.jkiss.dbeaver.core\drivers.xml'
2022-02-08 15:39:39.907 - Total database drivers: 94 (94)
> Start 기본 문서 편집기 [org.eclipse.ui.editors 3.14.300.v20210913-0815]
> Start 텍스트 편집기 프레임워크 [org.eclipse.ui.workbench.texteditor 3.16.300.v20211119-1032]
Warning: NLS unused message: actions_navigator__objects in: org.jkiss.dbeaver.ui.editors.sql.internal.SQLEditorMessages
> Start DBeaver UI Editors - SQL [org.jkiss.dbeaver.ui.editors.sql 1.0.74.202201221033]
> Start DBeaver Sample Database [org.jkiss.dbeaver.ext.sample.database 1.0.111.202201221033]
> Start DBeaver Tip of the day [org.jkiss.dbeaver.ext.ui.tipoftheday 1.0.80.202201221033]
> Start Draw2d [org.eclipse.draw2dl 3.12.100.20211006155649]
> Start GEF3 GEF (MVC) [org.eclipse.gef3 3.12.100.20211006155649]
> Start DBeaver ERD UI [org.jkiss.dbeaver.erd.ui 3.0.34.202201221033]
> Start DBeaver ERD Model [org.jkiss.dbeaver.erd.model 1.0.34.202201221033]
> Start 팀 지원 핵심 [org.eclipse.team.core 3.9.200.v20211013-1022]
2022-02-08 15:40:34.867 - DBeaver is stopping
2022-02-08 15:40:34.870 - Stop RMI server
2022-02-08 15:40:34.874 - RMI controller has been stopped
2022-02-08 15:40:34.876 - DBeaver shutdown completed
